JVM info: Oracle Corporation - 17.0.4.1 - 17.0.4.1+1-LTS-2
java.net.preferIPv4Stack=true
Current Time: 14/06/2023 03:07:10
Host: files.minecraftforge.net [51.79.83.165, 2607:5300:203:65a5:0:0:0:0]
Host: maven.minecraftforge.net [51.79.83.165, 2607:5300:203:65a5:0:0:0:0]
Host: libraries.minecraft.net [13.107.213.74, 13.107.246.74, 2620:1ec:bdf:0:0:0:0:74, 2620:1ec:46:0:0:0:0:74]
Host: launchermeta.mojang.com [13.107.246.74, 13.107.213.74, 2620:1ec:bdf:0:0:0:0:74, 2620:1ec:46:0:0:0:0:74]
Host: piston-meta.mojang.com [13.107.246.74, 13.107.213.74, 2620:1ec:bdf:0:0:0:0:74, 2620:1ec:46:0:0:0:0:74]
Host: authserver.mojang.com [13.226.120.32, 13.226.120.63, 13.226.120.93, 13.226.120.76]
Found java version 17.0.4.1
Exception in thread "AWT-EventQueue-0" 
java.lang.IllegalArgumentException: Comparison method violates its general contract!
	at java.base/java.util.ComparableTimSort.mergeHi(ComparableTimSort.java:870)
	at java.base/java.util.ComparableTimSort.mergeAt(ComparableTimSort.java:487)
	at java.base/java.util.ComparableTimSort.mergeForceCollapse(ComparableTimSort.java:426)
	at java.base/java.util.ComparableTimSort.sort(ComparableTimSort.java:222)
	at java.base/java.util.Arrays.sort(Arrays.java:1041)
	at java.desktop/sun.awt.shell.Win32ShellFolderManager2.get(Win32ShellFolderManager2.java:315)
	at java.desktop/sun.awt.shell.ShellFolder.get(ShellFolder.java:277)
	at java.desktop/com.sun.java.swing.plaf.windows.WindowsFileChooserUI$DirectoryComboBoxModel.addItem(WindowsFileChooserUI.java:1122)
	at java.desktop/com.sun.java.swing.plaf.windows.WindowsFileChooserUI.doDirectoryChanged(WindowsFileChooserUI.java:776)
	at java.desktop/com.sun.java.swing.plaf.windows.WindowsFileChooserUI$11.propertyChange(WindowsFileChooserUI.java:867)
	at java.desktop/java.beans.PropertyChangeSupport.fire(PropertyChangeSupport.java:343)
	at java.desktop/java.beans.PropertyChangeSupport.firePropertyChange(PropertyChangeSupport.java:335)
	at java.desktop/java.beans.PropertyChangeSupport.firePropertyChange(PropertyChangeSupport.java:268)
	at java.desktop/java.awt.Component.firePropertyChange(Component.java:8722)
	at java.desktop/javax.swing.JFileChooser.setCurrentDirectory(JFileChooser.java:609)
	at java.desktop/javax.swing.JFileChooser.setSelectedFile(JFileChooser.java:514)
	at net.minecraftforge.installer.InstallerPanel$FileSelectAction.actionPerformed(InstallerPanel.java:105)
	at java.desktop/javax.swing.AbstractButton.fireActionPerformed(AbstractButton.java:1972)
	at java.desktop/javax.swing.AbstractButton$Handler.actionPerformed(AbstractButton.java:2313)
	at java.desktop/javax.swing.DefaultButtonModel.fireActionPerformed(DefaultButtonModel.java:405)
	at java.desktop/javax.swing.DefaultButtonModel.setPressed(DefaultButtonModel.java:262)
	at java.desktop/javax.swing.plaf.basic.BasicButtonListener.mouseReleased(BasicButtonListener.java:279)
	at java.desktop/java.awt.AWTEventMulticaster.mouseReleased(AWTEventMulticaster.java:297)
	at java.desktop/java.awt.Component.processMouseEvent(Component.java:6626)
	at java.desktop/javax.swing.JComponent.processMouseEvent(JComponent.java:3389)
	at java.desktop/java.awt.Component.processEvent(Component.java:6391)
	at java.desktop/java.awt.Container.processEvent(Container.java:2266)
	at java.desktop/java.awt.Component.dispatchEventImpl(Component.java:5001)
	at java.desktop/java.awt.Container.dispatchEventImpl(Container.java:2324)
	at java.desktop/java.awt.Component.dispatchEvent(Component.java:4833)
	at java.desktop/java.awt.LightweightDispatcher.retargetMouseEvent(Container.java:4948)
	at java.desktop/java.awt.LightweightDispatcher.processMouseEvent(Container.java:4575)
	at java.desktop/java.awt.LightweightDispatcher.dispatchEvent(Container.java:4516)
	at java.desktop/java.awt.Container.dispatchEventImpl(Container.java:2310)
	at java.desktop/java.awt.Window.dispatchEventImpl(Window.java:2780)
	at java.desktop/java.awt.Component.dispatchEvent(Component.java:4833)
	at java.desktop/java.awt.EventQueue.dispatchEventImpl(EventQueue.java:773)
	at java.desktop/java.awt.EventQueue$4.run(EventQueue.java:722)
	at java.desktop/java.awt.EventQueue$4.run(EventQueue.java:716)
	at java.base/java.security.AccessController.doPrivileged(AccessController.java:399)
	at java.base/java.security.ProtectionDomain$JavaSecurityAccessImpl.doIntersectionPrivilege(ProtectionDomain.java:86)
	at java.base/java.security.ProtectionDomain$JavaSecurityAccessImpl.doIntersectionPrivilege(ProtectionDomain.java:97)
	at java.desktop/java.awt.EventQueue$5.run(EventQueue.java:746)
	at java.desktop/java.awt.EventQueue$5.run(EventQueue.java:744)
	at java.base/java.security.AccessController.doPrivileged(AccessController.java:399)
	at java.base/java.security.ProtectionDomain$JavaSecurityAccessImpl.doIntersectionPrivilege(ProtectionDomain.java:86)
	at java.desktop/java.awt.EventQueue.dispatchEvent(EventQueue.java:743)
	at java.desktop/java.awt.EventDispatchThread.pumpOneEventForFilters(EventDispatchThread.java:203)
	at java.desktop/java.awt.EventDispatchThread.pumpEventsForFilter(EventDispatchThread.java:124)
	at java.desktop/java.awt.EventDispatchThread.pumpEventsForFilter(EventDispatchThread.java:117)
	at java.desktop/java.awt.WaitDispatchSupport$2.run(WaitDispatchSupport.java:191)
	at java.desktop/java.awt.event.InvocationEvent.dispatch(InvocationEvent.java:318)
	at java.desktop/java.awt.EventQueue.dispatchEventImpl(EventQueue.java:771)
	at java.desktop/java.awt.EventQueue$4.run(EventQueue.java:722)
	at java.desktop/java.awt.EventQueue$4.run(EventQueue.java:716)
	at java.base/java.security.AccessController.doPrivileged(AccessController.java:399)
	at java.base/java.security.ProtectionDomain$JavaSecurityAccessImpl.doIntersectionPrivilege(ProtectionDomain.java:86)
	at java.desktop/java.awt.EventQueue.dispatchEvent(EventQueue.java:741)
	at java.desktop/java.awt.EventDispatchThread.pumpOneEventForFilters(EventDispatchThread.java:203)
	at java.desktop/java.awt.EventDispatchThread.pumpEventsForFilter(EventDispatchThread.java:124)
	at java.desktop/java.awt.EventDispatchThread.pumpEventsForHierarchy(EventDispatchThread.java:113)
	at java.desktop/java.awt.EventDispatchThread.pumpEvents(EventDispatchThread.java:109)
	at java.desktop/java.awt.EventDispatchThread.pumpEvents(EventDispatchThread.java:101)
	at java.desktop/java.awt.EventDispatchThread.run(EventDispatchThread.java:90)
